Flutter crash report; please file at https://github.com/flutter/flutter/issues.

## command

flutter upgrade

## exception

ArgumentError: Invalid argument(s): Cannot find executable for /Users/raja/development/flutter/bin/cache/dart-sdk/bin/pub.

```
#0      _getExecutable (package:process/src/interface/local_process_manager.dart:113:5)
#1      LocalProcessManager.start (package:process/src/interface/local_process_manager.dart:41:7)
#2      runCommand (package:flutter_tools/src/base/process.dart:115:25)
#3      runCommandAndStreamOutput (package:flutter_tools/src/base/process.dart:133:33)
<asynchronous suspension>
#4      pub (package:flutter_tools/src/dart/pub.dart:155:18)
<asynchronous suspension>
#5      pubGet (package:flutter_tools/src/dart/pub.dart:104:13)
<asynchronous suspension>
#6      UpgradeCommand.runCommand (package:flutter_tools/src/commands/upgrade.dart:75:13)
<asynchronous suspension>
#7      FlutterCommand.verifyThenRunCommand (package:flutter_tools/src/runner/flutter_command.dart:401:18)
#8      _asyncThenWrapperHelper.<anonymous closure> (dart:async/runtime/libasync_patch.dart:77:64)
#9      _rootRunUnary (dart:async/zone.dart:1132:38)
#10     _CustomZone.runUnary (dart:async/zone.dart:1029:19)
#11     _FutureListener.handleValue (dart:async/future_impl.dart:129:18)
#12     Future._propagateToListeners.handleValueCallback (dart:async/future_impl.dart:642:45)
#13     Future._propagateToListeners (dart:async/future_impl.dart:671:32)
#14     Future._complete (dart:async/future_impl.dart:476:7)
#15     _SyncCompleter.complete (dart:async/future_impl.dart:51:12)
#16     _AsyncAwaitCompleter.complete.<anonymous closure> (dart:async/runtime/libasync_patch.dart:33:20)
#17     _rootRun (dart:async/zone.dart:1124:13)
#18     _CustomZone.run (dart:async/zone.dart:1021:19)
#19     _CustomZone.bindCallback.<anonymous closure> (dart:async/zone.dart:947:23)
#20     _microtaskLoop (dart:async/schedule_microtask.dart:41:21)
#21     _startMicrotaskLoop (dart:async/schedule_microtask.dart:50:5)
#22     _runPendingImmediateCallback (dart:isolate/runtime/libisolate_patch.dart:115:13)
#23     _RawReceivePortImpl._handleMessage (dart:isolate/runtime/libisolate_patch.dart:172:5)
```

## flutter doctor

```
[32m[✓][39m Flutter (Channel stable, v1.0.0, on Mac OS X 10.14.3 18D42,
    locale en-GB)
    [32m•[39m Flutter version 1.0.0 at /Users/raja/development/flutter
    [32m•[39m Framework revision 5391447fae (3 months ago), 2019-02-14
      19:19:53 -0800
    [32m•[39m Engine revision 3757390fa4
    [32m•[39m Dart version 2.1.0 (build 2.1.0-dev.9.4 f9ebf21297)

[32m[✓][39m Android toolchain - develop for Android devices (Android SDK
    28.0.3)
    [32m•[39m Android SDK at /Users/raja/Library/Android/sdk
    [32m•[39m Android NDK location not configured (optional; useful for
      native profiling support)
    [32m•[39m Platform android-28, build-tools 28.0.3
    [32m•[39m Java binary at: /Applications/Android
      Studio.app/Contents/jre/jdk/Contents/Home/bin/java
    [32m•[39m Java version OpenJDK Runtime Environment (build
      1.8.0_152-release-1248-b01)
    [32m•[39m All Android licenses accepted.

[32m[✓][39m iOS toolchain - develop for iOS devices (Xcode 10.1)
    [32m•[39m Xcode at /Applications/Xcode.app/Contents/Developer
    [32m•[39m Xcode 10.1, Build version 10B61
    [32m•[39m ios-deploy 2.0.0
    [32m•[39m CocoaPods version 1.5.3

[32m[✓][39m Android Studio (version 3.3)
    [32m•[39m Android Studio at /Applications/Android Studio.app/Contents
    [32m•[39m Flutter plugin version 33.1.1
    [32m•[39m Dart plugin version 182.5215
    [32m•[39m Java version OpenJDK Runtime Environment (build
      1.8.0_152-release-1248-b01)

[33m[!][39m Connected device
    [33m![39m No devices available

[33m![39m Doctor found issues in 1 category.
```
